A.請設計有關台中快捷公車捷運系統主題的版面
	0.快捷公車的相關資訊 http://www.brttaichung.com.tw/

B.設計規格請參考範本(index.html) - 請注意注意個部件的的寬高值
	0.整體版面寬高度(1024*版面長度px)
	1.上方Banner Logo(1024*100px)
	2.左側選單(180*選單長度px)
	3.右側主要顯示區為剩餘的寬度(844*內容長度px)
	4.下方資訊專欄(1024*200px)
	5.主要會影響版面的高度為右側的主要顯示區域(需要可以依照內容動態調整版面高度)

C.ICON圖示繪製(gif or png檔,可包含透明圖層) - 可外包部分(只有繪圖)
	0.上方請提供 1024*80 的橫向 BRT Logo Banner 圖片
	1.AVI~GPS圖示繪製(大小為96*96,參考範例網站)
	2.紅綠燈圖示*3(96*96,紅綠黃)
	3.公車圖案(96*96,請先提供5張)
	4.方向圖案(96*96,紅,綠)
	5.設備正常、異常的標示ICON(96*96)
	6.事故標示的ICON(96*96)

D.選單下方於特定頁面顯示時, 會有比較大的空白, 請斟酌設計美化(動畫/插圖)此部分


-------------------------------------(以下外觀無關,僅備註)-------------------------------------

E.排程(功能解說)
	路口排程：
		設計並產生該 LCN 的 Segtype
		(新增如果又選取會新增在選取之後，若無則新增在最後一列)

	路口參數：
		可以指定使用 LCN 哪一個 Segtype 與設置定時時制或優先號誌